[2022-01-11 19:03:31,780] {taskinstance.py:1032} INFO - Dependencies all met for <TaskInstance: my_dag.choose_best_model scheduled__2022-01-10T00:00:00+00:00 [queued]>
[2022-01-11 19:03:31,786] {taskinstance.py:1032} INFO - Dependencies all met for <TaskInstance: my_dag.choose_best_model scheduled__2022-01-10T00:00:00+00:00 [queued]>
[2022-01-11 19:03:31,786] {taskinstance.py:1238} INFO - 
--------------------------------------------------------------------------------
[2022-01-11 19:03:31,786] {taskinstance.py:1239} INFO - Starting attempt 4 of 4
[2022-01-11 19:03:31,786] {taskinstance.py:1240} INFO - 
--------------------------------------------------------------------------------
[2022-01-11 19:03:31,861] {taskinstance.py:1259} INFO - Executing <Task(BranchPythonOperator): choose_best_model> on 2022-01-10 00:00:00+00:00
[2022-01-11 19:03:31,865] {standard_task_runner.py:52} INFO - Started process 5037 to run task
[2022-01-11 19:03:31,870] {standard_task_runner.py:76} INFO - Running: ['***', 'tasks', 'run', 'my_dag', 'choose_best_model', 'scheduled__2022-01-10T00:00:00+00:00', '--job-id', '25', '--raw', '--subdir', 'DAGS_FOLDER/my_dag.py', '--cfg-path', '/tmp/tmp959que8f', '--error-file', '/tmp/tmpkg880bs_']
[2022-01-11 19:03:31,870] {standard_task_runner.py:77} INFO - Job 25: Subtask choose_best_model
[2022-01-11 19:03:32,152] {logging_mixin.py:109} INFO - Running <TaskInstance: my_dag.choose_best_model scheduled__2022-01-10T00:00:00+00:00 [running]> on host 40c4c8725776
[2022-01-11 19:03:32,963] {taskinstance.py:1426} INFO - Exporting the following env vars:
AIRFLOW_CTX_DAG_OWNER=***
AIRFLOW_CTX_DAG_ID=my_dag
AIRFLOW_CTX_TASK_ID=choose_best_model
AIRFLOW_CTX_EXECUTION_DATE=2022-01-10T00:00:00+00:00
AIRFLOW_CTX_DAG_RUN_ID=scheduled__2022-01-10T00:00:00+00:00
[2022-01-11 19:03:32,984] {python.py:175} INFO - Done. Returned value was: inaccurate
[2022-01-11 19:03:32,985] {skipmixin.py:143} INFO - Following branch inaccurate
[2022-01-11 19:03:32,985] {skipmixin.py:174} INFO - Skipping tasks ['accurate']
[2022-01-11 19:03:33,926] {taskinstance.py:1277} INFO - Marking task as SUCCESS. dag_id=my_dag, task_id=choose_best_model, execution_date=20220110T000000, start_date=20220111T190331, end_date=20220111T190333
[2022-01-11 19:03:34,162] {local_task_job.py:154} INFO - Task exited with return code 0
[2022-01-11 19:03:34,508] {local_task_job.py:264} INFO - 0 downstream tasks scheduled from follow-on schedule check
