[2022-01-11 18:34:03,583] {processor.py:163} INFO - Started process (PID=4021) to work on /opt/airflow/dags/my_dag.py
[2022-01-11 18:34:03,584] {processor.py:642} INFO - Processing file /opt/airflow/dags/my_dag.py for tasks to queue
[2022-01-11 18:34:03,612] {logging_mixin.py:109} INFO - [2022-01-11 18:34:03,612] {dagbag.py:500} INFO - Filling up the DagBag from /opt/airflow/dags/my_dag.py
[2022-01-11 18:34:03,927] {processor.py:654} INFO - DAG(s) dict_keys(['my_dag']) retrieved from /opt/airflow/dags/my_dag.py
[2022-01-11 18:34:12,811] {logging_mixin.py:109} INFO - [2022-01-11 18:34:12,811] {manager.py:496} INFO - Created Permission View: can edit on DAG:my_dag
[2022-01-11 18:34:13,015] {logging_mixin.py:109} INFO - [2022-01-11 18:34:13,015] {manager.py:496} INFO - Created Permission View: can read on DAG:my_dag
[2022-01-11 18:34:13,016] {logging_mixin.py:109} INFO - [2022-01-11 18:34:13,016] {dag.py:2396} INFO - Sync 1 DAGs
[2022-01-11 18:34:13,021] {logging_mixin.py:109} INFO - [2022-01-11 18:34:13,020] {dag.py:2415} INFO - Creating ORM DAG for my_dag
[2022-01-11 18:34:13,027] {logging_mixin.py:109} INFO - [2022-01-11 18:34:13,027] {dag.py:2935} INFO - Setting next_dagrun for my_dag to 2022-01-10 00:00:00+00:00
[2022-01-11 18:34:13,226] {processor.py:171} INFO - Processing /opt/airflow/dags/my_dag.py took 9.645 seconds
[2022-01-11 18:34:43,504] {processor.py:163} INFO - Started process (PID=4041) to work on /opt/airflow/dags/my_dag.py
[2022-01-11 18:34:43,540] {processor.py:642} INFO - Processing file /opt/airflow/dags/my_dag.py for tasks to queue
[2022-01-11 18:34:43,541] {logging_mixin.py:109} INFO - [2022-01-11 18:34:43,541] {dagbag.py:500} INFO - Filling up the DagBag from /opt/airflow/dags/my_dag.py
[2022-01-11 18:34:43,561] {processor.py:654} INFO - DAG(s) dict_keys(['my_dag']) retrieved from /opt/airflow/dags/my_dag.py
[2022-01-11 18:34:43,567] {logging_mixin.py:109} INFO - [2022-01-11 18:34:43,567] {dag.py:2396} INFO - Sync 1 DAGs
[2022-01-11 18:34:43,577] {logging_mixin.py:109} INFO - [2022-01-11 18:34:43,577] {dag.py:2935} INFO - Setting next_dagrun for my_dag to 2022-01-10 00:00:00+00:00
[2022-01-11 18:34:43,784] {processor.py:171} INFO - Processing /opt/airflow/dags/my_dag.py took 0.282 seconds
[2022-01-11 18:35:14,034] {processor.py:163} INFO - Started process (PID=4060) to work on /opt/airflow/dags/my_dag.py
[2022-01-11 18:35:14,035] {processor.py:642} INFO - Processing file /opt/airflow/dags/my_dag.py for tasks to queue
[2022-01-11 18:35:14,036] {logging_mixin.py:109} INFO - [2022-01-11 18:35:14,036] {dagbag.py:500} INFO - Filling up the DagBag from /opt/airflow/dags/my_dag.py
[2022-01-11 18:35:14,073] {processor.py:654} INFO - DAG(s) dict_keys(['my_dag']) retrieved from /opt/airflow/dags/my_dag.py
[2022-01-11 18:35:14,081] {logging_mixin.py:109} INFO - [2022-01-11 18:35:14,081] {dag.py:2396} INFO - Sync 1 DAGs
[2022-01-11 18:35:14,094] {logging_mixin.py:109} INFO - [2022-01-11 18:35:14,094] {dag.py:2935} INFO - Setting next_dagrun for my_dag to 2022-01-10 00:00:00+00:00
[2022-01-11 18:35:14,196] {processor.py:171} INFO - Processing /opt/airflow/dags/my_dag.py took 0.165 seconds
[2022-01-11 18:35:44,278] {processor.py:163} INFO - Started process (PID=4087) to work on /opt/airflow/dags/my_dag.py
[2022-01-11 18:35:44,279] {processor.py:642} INFO - Processing file /opt/airflow/dags/my_dag.py for tasks to queue
[2022-01-11 18:35:44,280] {logging_mixin.py:109} INFO - [2022-01-11 18:35:44,280] {dagbag.py:500} INFO - Filling up the DagBag from /opt/airflow/dags/my_dag.py
[2022-01-11 18:35:44,304] {processor.py:654} INFO - DAG(s) dict_keys(['my_dag']) retrieved from /opt/airflow/dags/my_dag.py
[2022-01-11 18:35:44,315] {logging_mixin.py:109} INFO - [2022-01-11 18:35:44,315] {dag.py:2396} INFO - Sync 1 DAGs
[2022-01-11 18:35:44,339] {logging_mixin.py:109} INFO - [2022-01-11 18:35:44,339] {dag.py:2935} INFO - Setting next_dagrun for my_dag to 2022-01-10 00:00:00+00:00
[2022-01-11 18:35:44,410] {processor.py:171} INFO - Processing /opt/airflow/dags/my_dag.py took 0.136 seconds
[2022-01-11 18:36:14,641] {processor.py:163} INFO - Started process (PID=4106) to work on /opt/airflow/dags/my_dag.py
[2022-01-11 18:36:14,642] {processor.py:642} INFO - Processing file /opt/airflow/dags/my_dag.py for tasks to queue
[2022-01-11 18:36:14,642] {logging_mixin.py:109} INFO - [2022-01-11 18:36:14,642] {dagbag.py:500} INFO - Filling up the DagBag from /opt/airflow/dags/my_dag.py
[2022-01-11 18:36:14,661] {processor.py:654} INFO - DAG(s) dict_keys(['my_dag']) retrieved from /opt/airflow/dags/my_dag.py
[2022-01-11 18:36:14,667] {logging_mixin.py:109} INFO - [2022-01-11 18:36:14,667] {dag.py:2396} INFO - Sync 1 DAGs
[2022-01-11 18:36:14,677] {logging_mixin.py:109} INFO - [2022-01-11 18:36:14,677] {dag.py:2935} INFO - Setting next_dagrun for my_dag to 2022-01-10 00:00:00+00:00
[2022-01-11 18:36:14,781] {processor.py:171} INFO - Processing /opt/airflow/dags/my_dag.py took 0.143 seconds
[2022-01-11 18:36:45,047] {processor.py:163} INFO - Started process (PID=4125) to work on /opt/airflow/dags/my_dag.py
[2022-01-11 18:36:45,063] {processor.py:642} INFO - Processing file /opt/airflow/dags/my_dag.py for tasks to queue
[2022-01-11 18:36:45,064] {logging_mixin.py:109} INFO - [2022-01-11 18:36:45,063] {dagbag.py:500} INFO - Filling up the DagBag from /opt/airflow/dags/my_dag.py
[2022-01-11 18:36:45,124] {processor.py:654} INFO - DAG(s) dict_keys(['my_dag']) retrieved from /opt/airflow/dags/my_dag.py
[2022-01-11 18:36:45,163] {logging_mixin.py:109} INFO - [2022-01-11 18:36:45,163] {dag.py:2396} INFO - Sync 1 DAGs
[2022-01-11 18:36:45,174] {logging_mixin.py:109} INFO - [2022-01-11 18:36:45,174] {dag.py:2935} INFO - Setting next_dagrun for my_dag to 2022-01-10 00:00:00+00:00
[2022-01-11 18:36:45,266] {processor.py:171} INFO - Processing /opt/airflow/dags/my_dag.py took 0.221 seconds
[2022-01-11 18:37:15,385] {processor.py:163} INFO - Started process (PID=4155) to work on /opt/airflow/dags/my_dag.py
[2022-01-11 18:37:15,424] {processor.py:642} INFO - Processing file /opt/airflow/dags/my_dag.py for tasks to queue
[2022-01-11 18:37:15,424] {logging_mixin.py:109} INFO - [2022-01-11 18:37:15,424] {dagbag.py:500} INFO - Filling up the DagBag from /opt/airflow/dags/my_dag.py
[2022-01-11 18:37:15,521] {processor.py:654} INFO - DAG(s) dict_keys(['my_dag']) retrieved from /opt/airflow/dags/my_dag.py
[2022-01-11 18:37:15,535] {logging_mixin.py:109} INFO - [2022-01-11 18:37:15,535] {dag.py:2396} INFO - Sync 1 DAGs
[2022-01-11 18:37:15,569] {logging_mixin.py:109} INFO - [2022-01-11 18:37:15,569] {dag.py:2935} INFO - Setting next_dagrun for my_dag to 2022-01-10 00:00:00+00:00
[2022-01-11 18:37:15,666] {processor.py:171} INFO - Processing /opt/airflow/dags/my_dag.py took 0.284 seconds
[2022-01-11 18:37:45,773] {processor.py:163} INFO - Started process (PID=4174) to work on /opt/airflow/dags/my_dag.py
[2022-01-11 18:37:45,783] {processor.py:642} INFO - Processing file /opt/airflow/dags/my_dag.py for tasks to queue
[2022-01-11 18:37:45,783] {logging_mixin.py:109} INFO - [2022-01-11 18:37:45,783] {dagbag.py:500} INFO - Filling up the DagBag from /opt/airflow/dags/my_dag.py
[2022-01-11 18:37:45,906] {processor.py:654} INFO - DAG(s) dict_keys(['my_dag']) retrieved from /opt/airflow/dags/my_dag.py
[2022-01-11 18:37:45,920] {logging_mixin.py:109} INFO - [2022-01-11 18:37:45,920] {dag.py:2396} INFO - Sync 1 DAGs
[2022-01-11 18:37:45,942] {logging_mixin.py:109} INFO - [2022-01-11 18:37:45,942] {dag.py:2935} INFO - Setting next_dagrun for my_dag to 2022-01-10 00:00:00+00:00
[2022-01-11 18:37:46,224] {processor.py:171} INFO - Processing /opt/airflow/dags/my_dag.py took 0.499 seconds
[2022-01-11 18:38:16,464] {processor.py:163} INFO - Started process (PID=4201) to work on /opt/airflow/dags/my_dag.py
[2022-01-11 18:38:16,465] {processor.py:642} INFO - Processing file /opt/airflow/dags/my_dag.py for tasks to queue
[2022-01-11 18:38:16,466] {logging_mixin.py:109} INFO - [2022-01-11 18:38:16,466] {dagbag.py:500} INFO - Filling up the DagBag from /opt/airflow/dags/my_dag.py
[2022-01-11 18:38:16,495] {processor.py:654} INFO - DAG(s) dict_keys(['my_dag']) retrieved from /opt/airflow/dags/my_dag.py
[2022-01-11 18:38:16,763] {logging_mixin.py:109} INFO - [2022-01-11 18:38:16,763] {dag.py:2396} INFO - Sync 1 DAGs
[2022-01-11 18:38:16,787] {logging_mixin.py:109} INFO - [2022-01-11 18:38:16,786] {dag.py:2935} INFO - Setting next_dagrun for my_dag to 2022-01-10 00:00:00+00:00
[2022-01-11 18:38:16,905] {processor.py:171} INFO - Processing /opt/airflow/dags/my_dag.py took 0.446 seconds
[2022-01-11 18:38:47,181] {processor.py:163} INFO - Started process (PID=4220) to work on /opt/airflow/dags/my_dag.py
[2022-01-11 18:38:47,191] {processor.py:642} INFO - Processing file /opt/airflow/dags/my_dag.py for tasks to queue
[2022-01-11 18:38:47,192] {logging_mixin.py:109} INFO - [2022-01-11 18:38:47,192] {dagbag.py:500} INFO - Filling up the DagBag from /opt/airflow/dags/my_dag.py
[2022-01-11 18:38:47,283] {processor.py:654} INFO - DAG(s) dict_keys(['my_dag']) retrieved from /opt/airflow/dags/my_dag.py
[2022-01-11 18:38:47,336] {logging_mixin.py:109} INFO - [2022-01-11 18:38:47,335] {dag.py:2396} INFO - Sync 1 DAGs
[2022-01-11 18:38:47,395] {logging_mixin.py:109} INFO - [2022-01-11 18:38:47,395] {dag.py:2935} INFO - Setting next_dagrun for my_dag to 2022-01-10 00:00:00+00:00
[2022-01-11 18:38:47,494] {processor.py:171} INFO - Processing /opt/airflow/dags/my_dag.py took 0.316 seconds
[2022-01-11 18:39:17,781] {processor.py:163} INFO - Started process (PID=4250) to work on /opt/airflow/dags/my_dag.py
[2022-01-11 18:39:17,817] {processor.py:642} INFO - Processing file /opt/airflow/dags/my_dag.py for tasks to queue
[2022-01-11 18:39:17,818] {logging_mixin.py:109} INFO - [2022-01-11 18:39:17,818] {dagbag.py:500} INFO - Filling up the DagBag from /opt/airflow/dags/my_dag.py
[2022-01-11 18:39:17,843] {processor.py:654} INFO - DAG(s) dict_keys(['my_dag']) retrieved from /opt/airflow/dags/my_dag.py
[2022-01-11 18:39:17,853] {logging_mixin.py:109} INFO - [2022-01-11 18:39:17,853] {dag.py:2396} INFO - Sync 1 DAGs
[2022-01-11 18:39:17,866] {logging_mixin.py:109} INFO - [2022-01-11 18:39:17,865] {dag.py:2935} INFO - Setting next_dagrun for my_dag to 2022-01-10 00:00:00+00:00
[2022-01-11 18:39:17,940] {processor.py:171} INFO - Processing /opt/airflow/dags/my_dag.py took 0.162 seconds
[2022-01-11 18:39:48,124] {processor.py:163} INFO - Started process (PID=4269) to work on /opt/airflow/dags/my_dag.py
[2022-01-11 18:39:48,147] {processor.py:642} INFO - Processing file /opt/airflow/dags/my_dag.py for tasks to queue
[2022-01-11 18:39:48,148] {logging_mixin.py:109} INFO - [2022-01-11 18:39:48,147] {dagbag.py:500} INFO - Filling up the DagBag from /opt/airflow/dags/my_dag.py
[2022-01-11 18:39:48,175] {processor.py:654} INFO - DAG(s) dict_keys(['my_dag']) retrieved from /opt/airflow/dags/my_dag.py
[2022-01-11 18:39:48,186] {logging_mixin.py:109} INFO - [2022-01-11 18:39:48,186] {dag.py:2396} INFO - Sync 1 DAGs
[2022-01-11 18:39:48,199] {logging_mixin.py:109} INFO - [2022-01-11 18:39:48,199] {dag.py:2935} INFO - Setting next_dagrun for my_dag to 2022-01-10 00:00:00+00:00
[2022-01-11 18:39:48,382] {processor.py:171} INFO - Processing /opt/airflow/dags/my_dag.py took 0.260 seconds
[2022-01-11 18:39:57,437] {processor.py:163} INFO - Started process (PID=4279) to work on /opt/airflow/dags/my_dag.py
[2022-01-11 18:39:57,574] {processor.py:642} INFO - Processing file /opt/airflow/dags/my_dag.py for tasks to queue
[2022-01-11 18:39:57,642] {logging_mixin.py:109} INFO - [2022-01-11 18:39:57,642] {dagbag.py:500} INFO - Filling up the DagBag from /opt/airflow/dags/my_dag.py
[2022-01-11 18:39:57,761] {processor.py:654} INFO - DAG(s) dict_keys(['my_dag']) retrieved from /opt/airflow/dags/my_dag.py
[2022-01-11 18:39:58,579] {logging_mixin.py:109} INFO - [2022-01-11 18:39:58,579] {dag.py:2396} INFO - Sync 1 DAGs
[2022-01-11 18:39:58,644] {logging_mixin.py:109} INFO - [2022-01-11 18:39:58,644] {dag.py:2935} INFO - Setting next_dagrun for my_dag to 2022-01-10 00:00:00+00:00
[2022-01-11 18:39:58,756] {processor.py:171} INFO - Processing /opt/airflow/dags/my_dag.py took 1.322 seconds
[2022-01-11 18:40:28,972] {processor.py:163} INFO - Started process (PID=4298) to work on /opt/airflow/dags/my_dag.py
[2022-01-11 18:40:28,975] {processor.py:642} INFO - Processing file /opt/airflow/dags/my_dag.py for tasks to queue
[2022-01-11 18:40:28,976] {logging_mixin.py:109} INFO - [2022-01-11 18:40:28,976] {dagbag.py:500} INFO - Filling up the DagBag from /opt/airflow/dags/my_dag.py
[2022-01-11 18:40:28,997] {processor.py:654} INFO - DAG(s) dict_keys(['my_dag']) retrieved from /opt/airflow/dags/my_dag.py
[2022-01-11 18:40:29,003] {logging_mixin.py:109} INFO - [2022-01-11 18:40:29,003] {dag.py:2396} INFO - Sync 1 DAGs
[2022-01-11 18:40:29,014] {logging_mixin.py:109} INFO - [2022-01-11 18:40:29,014] {dag.py:2935} INFO - Setting next_dagrun for my_dag to 2022-01-10 00:00:00+00:00
[2022-01-11 18:40:29,084] {processor.py:171} INFO - Processing /opt/airflow/dags/my_dag.py took 0.115 seconds
[2022-01-11 18:40:59,281] {processor.py:163} INFO - Started process (PID=4316) to work on /opt/airflow/dags/my_dag.py
[2022-01-11 18:40:59,325] {processor.py:642} INFO - Processing file /opt/airflow/dags/my_dag.py for tasks to queue
[2022-01-11 18:40:59,326] {logging_mixin.py:109} INFO - [2022-01-11 18:40:59,326] {dagbag.py:500} INFO - Filling up the DagBag from /opt/airflow/dags/my_dag.py
[2022-01-11 18:40:59,353] {processor.py:654} INFO - DAG(s) dict_keys(['my_dag']) retrieved from /opt/airflow/dags/my_dag.py
[2022-01-11 18:40:59,361] {logging_mixin.py:109} INFO - [2022-01-11 18:40:59,361] {dag.py:2396} INFO - Sync 1 DAGs
[2022-01-11 18:40:59,375] {logging_mixin.py:109} INFO - [2022-01-11 18:40:59,375] {dag.py:2935} INFO - Setting next_dagrun for my_dag to 2022-01-11T00:00:00+00:00
[2022-01-11 18:40:59,459] {processor.py:171} INFO - Processing /opt/airflow/dags/my_dag.py took 0.180 seconds
[2022-01-11 18:41:29,659] {processor.py:163} INFO - Started process (PID=4335) to work on /opt/airflow/dags/my_dag.py
[2022-01-11 18:41:29,660] {processor.py:642} INFO - Processing file /opt/airflow/dags/my_dag.py for tasks to queue
[2022-01-11 18:41:29,661] {logging_mixin.py:109} INFO - [2022-01-11 18:41:29,660] {dagbag.py:500} INFO - Filling up the DagBag from /opt/airflow/dags/my_dag.py
[2022-01-11 18:41:29,686] {processor.py:654} INFO - DAG(s) dict_keys(['my_dag']) retrieved from /opt/airflow/dags/my_dag.py
[2022-01-11 18:41:29,694] {logging_mixin.py:109} INFO - [2022-01-11 18:41:29,694] {dag.py:2396} INFO - Sync 1 DAGs
[2022-01-11 18:41:29,706] {logging_mixin.py:109} INFO - [2022-01-11 18:41:29,706] {dag.py:2935} INFO - Setting next_dagrun for my_dag to 2022-01-11T00:00:00+00:00
[2022-01-11 18:41:29,872] {processor.py:171} INFO - Processing /opt/airflow/dags/my_dag.py took 0.218 seconds
[2022-01-11 18:42:00,039] {processor.py:163} INFO - Started process (PID=4361) to work on /opt/airflow/dags/my_dag.py
[2022-01-11 18:42:00,082] {processor.py:642} INFO - Processing file /opt/airflow/dags/my_dag.py for tasks to queue
[2022-01-11 18:42:00,083] {logging_mixin.py:109} INFO - [2022-01-11 18:42:00,083] {dagbag.py:500} INFO - Filling up the DagBag from /opt/airflow/dags/my_dag.py
[2022-01-11 18:42:00,186] {processor.py:654} INFO - DAG(s) dict_keys(['my_dag']) retrieved from /opt/airflow/dags/my_dag.py
[2022-01-11 18:42:00,262] {logging_mixin.py:109} INFO - [2022-01-11 18:42:00,262] {dag.py:2396} INFO - Sync 1 DAGs
[2022-01-11 18:42:00,272] {logging_mixin.py:109} INFO - [2022-01-11 18:42:00,272] {dag.py:2935} INFO - Setting next_dagrun for my_dag to 2022-01-11T00:00:00+00:00
[2022-01-11 18:42:00,452] {processor.py:171} INFO - Processing /opt/airflow/dags/my_dag.py took 0.415 seconds
[2022-01-11 18:42:30,537] {processor.py:163} INFO - Started process (PID=4380) to work on /opt/airflow/dags/my_dag.py
[2022-01-11 18:42:30,562] {processor.py:642} INFO - Processing file /opt/airflow/dags/my_dag.py for tasks to queue
[2022-01-11 18:42:30,572] {logging_mixin.py:109} INFO - [2022-01-11 18:42:30,572] {dagbag.py:500} INFO - Filling up the DagBag from /opt/airflow/dags/my_dag.py
[2022-01-11 18:42:30,651] {processor.py:654} INFO - DAG(s) dict_keys(['my_dag']) retrieved from /opt/airflow/dags/my_dag.py
[2022-01-11 18:42:30,687] {logging_mixin.py:109} INFO - [2022-01-11 18:42:30,687] {dag.py:2396} INFO - Sync 1 DAGs
[2022-01-11 18:42:30,725] {logging_mixin.py:109} INFO - [2022-01-11 18:42:30,725] {dag.py:2935} INFO - Setting next_dagrun for my_dag to 2022-01-11T00:00:00+00:00
[2022-01-11 18:42:30,802] {processor.py:171} INFO - Processing /opt/airflow/dags/my_dag.py took 0.282 seconds
[2022-01-11 18:43:01,035] {processor.py:163} INFO - Started process (PID=4399) to work on /opt/airflow/dags/my_dag.py
[2022-01-11 18:43:01,047] {processor.py:642} INFO - Processing file /opt/airflow/dags/my_dag.py for tasks to queue
[2022-01-11 18:43:01,048] {logging_mixin.py:109} INFO - [2022-01-11 18:43:01,048] {dagbag.py:500} INFO - Filling up the DagBag from /opt/airflow/dags/my_dag.py
[2022-01-11 18:43:01,089] {processor.py:654} INFO - DAG(s) dict_keys(['my_dag']) retrieved from /opt/airflow/dags/my_dag.py
[2022-01-11 18:43:01,096] {logging_mixin.py:109} INFO - [2022-01-11 18:43:01,096] {dag.py:2396} INFO - Sync 1 DAGs
[2022-01-11 18:43:01,108] {logging_mixin.py:109} INFO - [2022-01-11 18:43:01,108] {dag.py:2935} INFO - Setting next_dagrun for my_dag to 2022-01-11T00:00:00+00:00
[2022-01-11 18:43:01,206] {processor.py:171} INFO - Processing /opt/airflow/dags/my_dag.py took 0.174 seconds
[2022-01-11 18:43:31,367] {processor.py:163} INFO - Started process (PID=4417) to work on /opt/airflow/dags/my_dag.py
[2022-01-11 18:43:31,395] {processor.py:642} INFO - Processing file /opt/airflow/dags/my_dag.py for tasks to queue
[2022-01-11 18:43:31,395] {logging_mixin.py:109} INFO - [2022-01-11 18:43:31,395] {dagbag.py:500} INFO - Filling up the DagBag from /opt/airflow/dags/my_dag.py
[2022-01-11 18:43:31,418] {processor.py:654} INFO - DAG(s) dict_keys(['my_dag']) retrieved from /opt/airflow/dags/my_dag.py
[2022-01-11 18:43:31,425] {logging_mixin.py:109} INFO - [2022-01-11 18:43:31,425] {dag.py:2396} INFO - Sync 1 DAGs
[2022-01-11 18:43:31,437] {logging_mixin.py:109} INFO - [2022-01-11 18:43:31,436] {dag.py:2935} INFO - Setting next_dagrun for my_dag to 2022-01-11T00:00:00+00:00
[2022-01-11 18:43:31,580] {processor.py:171} INFO - Processing /opt/airflow/dags/my_dag.py took 0.216 seconds
[2022-01-11 18:44:01,694] {processor.py:163} INFO - Started process (PID=4445) to work on /opt/airflow/dags/my_dag.py
[2022-01-11 18:44:01,699] {processor.py:642} INFO - Processing file /opt/airflow/dags/my_dag.py for tasks to queue
[2022-01-11 18:44:01,702] {logging_mixin.py:109} INFO - [2022-01-11 18:44:01,702] {dagbag.py:500} INFO - Filling up the DagBag from /opt/airflow/dags/my_dag.py
[2022-01-11 18:44:01,753] {processor.py:654} INFO - DAG(s) dict_keys(['my_dag']) retrieved from /opt/airflow/dags/my_dag.py
[2022-01-11 18:44:01,776] {logging_mixin.py:109} INFO - [2022-01-11 18:44:01,776] {dag.py:2396} INFO - Sync 1 DAGs
[2022-01-11 18:44:01,821] {logging_mixin.py:109} INFO - [2022-01-11 18:44:01,819] {dag.py:2935} INFO - Setting next_dagrun for my_dag to 2022-01-11T00:00:00+00:00
[2022-01-11 18:44:01,935] {processor.py:171} INFO - Processing /opt/airflow/dags/my_dag.py took 0.243 seconds
[2022-01-11 18:44:32,429] {processor.py:163} INFO - Started process (PID=4464) to work on /opt/airflow/dags/my_dag.py
[2022-01-11 18:44:32,465] {processor.py:642} INFO - Processing file /opt/airflow/dags/my_dag.py for tasks to queue
[2022-01-11 18:44:32,466] {logging_mixin.py:109} INFO - [2022-01-11 18:44:32,466] {dagbag.py:500} INFO - Filling up the DagBag from /opt/airflow/dags/my_dag.py
[2022-01-11 18:44:32,649] {processor.py:654} INFO - DAG(s) dict_keys(['my_dag']) retrieved from /opt/airflow/dags/my_dag.py
[2022-01-11 18:44:32,750] {logging_mixin.py:109} INFO - [2022-01-11 18:44:32,750] {dag.py:2396} INFO - Sync 1 DAGs
[2022-01-11 18:44:32,929] {logging_mixin.py:109} INFO - [2022-01-11 18:44:32,928] {dag.py:2935} INFO - Setting next_dagrun for my_dag to 2022-01-11T00:00:00+00:00
[2022-01-11 18:44:33,305] {processor.py:171} INFO - Processing /opt/airflow/dags/my_dag.py took 0.971 seconds
[2022-01-11 18:45:03,996] {processor.py:163} INFO - Started process (PID=4474) to work on /opt/airflow/dags/my_dag.py
[2022-01-11 18:45:03,997] {processor.py:642} INFO - Processing file /opt/airflow/dags/my_dag.py for tasks to queue
[2022-01-11 18:45:03,997] {logging_mixin.py:109} INFO - [2022-01-11 18:45:03,997] {dagbag.py:500} INFO - Filling up the DagBag from /opt/airflow/dags/my_dag.py
[2022-01-11 18:45:04,042] {processor.py:654} INFO - DAG(s) dict_keys(['my_dag']) retrieved from /opt/airflow/dags/my_dag.py
[2022-01-11 18:45:04,048] {logging_mixin.py:109} INFO - [2022-01-11 18:45:04,048] {dag.py:2396} INFO - Sync 1 DAGs
[2022-01-11 18:45:04,069] {logging_mixin.py:109} INFO - [2022-01-11 18:45:04,069] {dag.py:2935} INFO - Setting next_dagrun for my_dag to 2022-01-11T00:00:00+00:00
[2022-01-11 18:45:04,150] {processor.py:171} INFO - Processing /opt/airflow/dags/my_dag.py took 0.156 seconds
[2022-01-11 18:45:34,408] {processor.py:163} INFO - Started process (PID=4492) to work on /opt/airflow/dags/my_dag.py
[2022-01-11 18:45:34,417] {processor.py:642} INFO - Processing file /opt/airflow/dags/my_dag.py for tasks to queue
[2022-01-11 18:45:34,423] {logging_mixin.py:109} INFO - [2022-01-11 18:45:34,422] {dagbag.py:500} INFO - Filling up the DagBag from /opt/airflow/dags/my_dag.py
[2022-01-11 18:45:34,467] {processor.py:654} INFO - DAG(s) dict_keys(['my_dag']) retrieved from /opt/airflow/dags/my_dag.py
[2022-01-11 18:45:34,481] {logging_mixin.py:109} INFO - [2022-01-11 18:45:34,481] {dag.py:2396} INFO - Sync 1 DAGs
[2022-01-11 18:45:34,530] {logging_mixin.py:109} INFO - [2022-01-11 18:45:34,530] {dag.py:2935} INFO - Setting next_dagrun for my_dag to 2022-01-11T00:00:00+00:00
[2022-01-11 18:45:34,614] {processor.py:171} INFO - Processing /opt/airflow/dags/my_dag.py took 0.210 seconds
[2022-01-11 18:46:04,672] {processor.py:163} INFO - Started process (PID=4519) to work on /opt/airflow/dags/my_dag.py
[2022-01-11 18:46:04,672] {processor.py:642} INFO - Processing file /opt/airflow/dags/my_dag.py for tasks to queue
[2022-01-11 18:46:04,673] {logging_mixin.py:109} INFO - [2022-01-11 18:46:04,673] {dagbag.py:500} INFO - Filling up the DagBag from /opt/airflow/dags/my_dag.py
[2022-01-11 18:46:04,736] {processor.py:654} INFO - DAG(s) dict_keys(['my_dag']) retrieved from /opt/airflow/dags/my_dag.py
[2022-01-11 18:46:04,768] {logging_mixin.py:109} INFO - [2022-01-11 18:46:04,768] {dag.py:2396} INFO - Sync 1 DAGs
[2022-01-11 18:46:04,818] {logging_mixin.py:109} INFO - [2022-01-11 18:46:04,818] {dag.py:2935} INFO - Setting next_dagrun for my_dag to 2022-01-11T00:00:00+00:00
[2022-01-11 18:46:04,936] {processor.py:171} INFO - Processing /opt/airflow/dags/my_dag.py took 0.266 seconds
[2022-01-11 18:46:35,079] {processor.py:163} INFO - Started process (PID=4537) to work on /opt/airflow/dags/my_dag.py
[2022-01-11 18:46:35,098] {processor.py:642} INFO - Processing file /opt/airflow/dags/my_dag.py for tasks to queue
[2022-01-11 18:46:35,099] {logging_mixin.py:109} INFO - [2022-01-11 18:46:35,099] {dagbag.py:500} INFO - Filling up the DagBag from /opt/airflow/dags/my_dag.py
[2022-01-11 18:46:35,121] {processor.py:654} INFO - DAG(s) dict_keys(['my_dag']) retrieved from /opt/airflow/dags/my_dag.py
[2022-01-11 18:46:35,128] {logging_mixin.py:109} INFO - [2022-01-11 18:46:35,127] {dag.py:2396} INFO - Sync 1 DAGs
[2022-01-11 18:46:35,147] {logging_mixin.py:109} INFO - [2022-01-11 18:46:35,147] {dag.py:2935} INFO - Setting next_dagrun for my_dag to 2022-01-11T00:00:00+00:00
[2022-01-11 18:46:35,222] {processor.py:171} INFO - Processing /opt/airflow/dags/my_dag.py took 0.145 seconds
[2022-01-11 18:47:05,400] {processor.py:163} INFO - Started process (PID=4565) to work on /opt/airflow/dags/my_dag.py
[2022-01-11 18:47:05,415] {processor.py:642} INFO - Processing file /opt/airflow/dags/my_dag.py for tasks to queue
[2022-01-11 18:47:05,416] {logging_mixin.py:109} INFO - [2022-01-11 18:47:05,416] {dagbag.py:500} INFO - Filling up the DagBag from /opt/airflow/dags/my_dag.py
[2022-01-11 18:47:05,453] {processor.py:654} INFO - DAG(s) dict_keys(['my_dag']) retrieved from /opt/airflow/dags/my_dag.py
[2022-01-11 18:47:05,460] {logging_mixin.py:109} INFO - [2022-01-11 18:47:05,460] {dag.py:2396} INFO - Sync 1 DAGs
[2022-01-11 18:47:05,486] {logging_mixin.py:109} INFO - [2022-01-11 18:47:05,486] {dag.py:2935} INFO - Setting next_dagrun for my_dag to 2022-01-11T00:00:00+00:00
[2022-01-11 18:47:05,571] {processor.py:171} INFO - Processing /opt/airflow/dags/my_dag.py took 0.174 seconds
[2022-01-11 18:47:35,653] {processor.py:163} INFO - Started process (PID=4583) to work on /opt/airflow/dags/my_dag.py
[2022-01-11 18:47:35,663] {processor.py:642} INFO - Processing file /opt/airflow/dags/my_dag.py for tasks to queue
[2022-01-11 18:47:35,664] {logging_mixin.py:109} INFO - [2022-01-11 18:47:35,664] {dagbag.py:500} INFO - Filling up the DagBag from /opt/airflow/dags/my_dag.py
[2022-01-11 18:47:35,685] {processor.py:654} INFO - DAG(s) dict_keys(['my_dag']) retrieved from /opt/airflow/dags/my_dag.py
[2022-01-11 18:47:35,697] {logging_mixin.py:109} INFO - [2022-01-11 18:47:35,697] {dag.py:2396} INFO - Sync 1 DAGs
[2022-01-11 18:47:35,718] {logging_mixin.py:109} INFO - [2022-01-11 18:47:35,718] {dag.py:2935} INFO - Setting next_dagrun for my_dag to 2022-01-11T00:00:00+00:00
[2022-01-11 18:47:35,804] {processor.py:171} INFO - Processing /opt/airflow/dags/my_dag.py took 0.153 seconds
[2022-01-11 18:48:06,290] {processor.py:163} INFO - Started process (PID=4602) to work on /opt/airflow/dags/my_dag.py
[2022-01-11 18:48:06,291] {processor.py:642} INFO - Processing file /opt/airflow/dags/my_dag.py for tasks to queue
[2022-01-11 18:48:06,291] {logging_mixin.py:109} INFO - [2022-01-11 18:48:06,291] {dagbag.py:500} INFO - Filling up the DagBag from /opt/airflow/dags/my_dag.py
[2022-01-11 18:48:06,346] {processor.py:654} INFO - DAG(s) dict_keys(['my_dag']) retrieved from /opt/airflow/dags/my_dag.py
[2022-01-11 18:48:06,363] {logging_mixin.py:109} INFO - [2022-01-11 18:48:06,363] {dag.py:2396} INFO - Sync 1 DAGs
[2022-01-11 18:48:06,387] {logging_mixin.py:109} INFO - [2022-01-11 18:48:06,387] {dag.py:2935} INFO - Setting next_dagrun for my_dag to 2022-01-11T00:00:00+00:00
[2022-01-11 18:48:06,526] {processor.py:171} INFO - Processing /opt/airflow/dags/my_dag.py took 0.238 seconds
[2022-01-11 18:48:36,606] {processor.py:163} INFO - Started process (PID=4619) to work on /opt/airflow/dags/my_dag.py
[2022-01-11 18:48:36,607] {processor.py:642} INFO - Processing file /opt/airflow/dags/my_dag.py for tasks to queue
[2022-01-11 18:48:36,608] {logging_mixin.py:109} INFO - [2022-01-11 18:48:36,608] {dagbag.py:500} INFO - Filling up the DagBag from /opt/airflow/dags/my_dag.py
[2022-01-11 18:48:36,630] {processor.py:654} INFO - DAG(s) dict_keys(['my_dag']) retrieved from /opt/airflow/dags/my_dag.py
[2022-01-11 18:48:36,637] {logging_mixin.py:109} INFO - [2022-01-11 18:48:36,637] {dag.py:2396} INFO - Sync 1 DAGs
[2022-01-11 18:48:36,649] {logging_mixin.py:109} INFO - [2022-01-11 18:48:36,649] {dag.py:2935} INFO - Setting next_dagrun for my_dag to 2022-01-11T00:00:00+00:00
[2022-01-11 18:48:36,725] {processor.py:171} INFO - Processing /opt/airflow/dags/my_dag.py took 0.122 seconds
[2022-01-11 18:49:06,953] {processor.py:163} INFO - Started process (PID=4647) to work on /opt/airflow/dags/my_dag.py
[2022-01-11 18:49:06,953] {processor.py:642} INFO - Processing file /opt/airflow/dags/my_dag.py for tasks to queue
[2022-01-11 18:49:06,954] {logging_mixin.py:109} INFO - [2022-01-11 18:49:06,954] {dagbag.py:500} INFO - Filling up the DagBag from /opt/airflow/dags/my_dag.py
[2022-01-11 18:49:06,975] {processor.py:654} INFO - DAG(s) dict_keys(['my_dag']) retrieved from /opt/airflow/dags/my_dag.py
[2022-01-11 18:49:06,982] {logging_mixin.py:109} INFO - [2022-01-11 18:49:06,981] {dag.py:2396} INFO - Sync 1 DAGs
[2022-01-11 18:49:06,994] {logging_mixin.py:109} INFO - [2022-01-11 18:49:06,994] {dag.py:2935} INFO - Setting next_dagrun for my_dag to 2022-01-11T00:00:00+00:00
[2022-01-11 18:49:07,089] {processor.py:171} INFO - Processing /opt/airflow/dags/my_dag.py took 0.140 seconds
[2022-01-11 18:49:37,186] {processor.py:163} INFO - Started process (PID=4666) to work on /opt/airflow/dags/my_dag.py
[2022-01-11 18:49:37,187] {processor.py:642} INFO - Processing file /opt/airflow/dags/my_dag.py for tasks to queue
[2022-01-11 18:49:37,187] {logging_mixin.py:109} INFO - [2022-01-11 18:49:37,187] {dagbag.py:500} INFO - Filling up the DagBag from /opt/airflow/dags/my_dag.py
[2022-01-11 18:49:37,208] {processor.py:654} INFO - DAG(s) dict_keys(['my_dag']) retrieved from /opt/airflow/dags/my_dag.py
[2022-01-11 18:49:37,214] {logging_mixin.py:109} INFO - [2022-01-11 18:49:37,214] {dag.py:2396} INFO - Sync 1 DAGs
[2022-01-11 18:49:37,226] {logging_mixin.py:109} INFO - [2022-01-11 18:49:37,226] {dag.py:2935} INFO - Setting next_dagrun for my_dag to 2022-01-10 00:00:00+00:00
[2022-01-11 18:49:37,294] {processor.py:171} INFO - Processing /opt/airflow/dags/my_dag.py took 0.110 seconds
[2022-01-11 18:50:01,369] {processor.py:163} INFO - Started process (PID=4685) to work on /opt/airflow/dags/my_dag.py
[2022-01-11 18:50:01,369] {processor.py:642} INFO - Processing file /opt/airflow/dags/my_dag.py for tasks to queue
[2022-01-11 18:50:01,370] {logging_mixin.py:109} INFO - [2022-01-11 18:50:01,370] {dagbag.py:500} INFO - Filling up the DagBag from /opt/airflow/dags/my_dag.py
[2022-01-11 18:50:01,392] {processor.py:654} INFO - DAG(s) dict_keys(['my_dag']) retrieved from /opt/airflow/dags/my_dag.py
[2022-01-11 18:50:01,399] {logging_mixin.py:109} INFO - [2022-01-11 18:50:01,398] {dag.py:2396} INFO - Sync 1 DAGs
[2022-01-11 18:50:01,410] {logging_mixin.py:109} INFO - [2022-01-11 18:50:01,410] {dag.py:2935} INFO - Setting next_dagrun for my_dag to 2022-01-11T00:00:00+00:00
[2022-01-11 18:50:01,565] {processor.py:171} INFO - Processing /opt/airflow/dags/my_dag.py took 0.199 seconds
[2022-01-11 18:50:31,687] {processor.py:163} INFO - Started process (PID=4712) to work on /opt/airflow/dags/my_dag.py
[2022-01-11 18:50:31,783] {processor.py:642} INFO - Processing file /opt/airflow/dags/my_dag.py for tasks to queue
[2022-01-11 18:50:31,784] {logging_mixin.py:109} INFO - [2022-01-11 18:50:31,784] {dagbag.py:500} INFO - Filling up the DagBag from /opt/airflow/dags/my_dag.py
[2022-01-11 18:50:31,806] {processor.py:654} INFO - DAG(s) dict_keys(['my_dag']) retrieved from /opt/airflow/dags/my_dag.py
[2022-01-11 18:50:31,812] {logging_mixin.py:109} INFO - [2022-01-11 18:50:31,812] {dag.py:2396} INFO - Sync 1 DAGs
[2022-01-11 18:50:31,825] {logging_mixin.py:109} INFO - [2022-01-11 18:50:31,825] {dag.py:2935} INFO - Setting next_dagrun for my_dag to 2022-01-11T00:00:00+00:00
[2022-01-11 18:50:31,987] {processor.py:171} INFO - Processing /opt/airflow/dags/my_dag.py took 0.305 seconds
[2022-01-11 18:51:02,015] {processor.py:163} INFO - Started process (PID=4730) to work on /opt/airflow/dags/my_dag.py
[2022-01-11 18:51:02,016] {processor.py:642} INFO - Processing file /opt/airflow/dags/my_dag.py for tasks to queue
[2022-01-11 18:51:02,016] {logging_mixin.py:109} INFO - [2022-01-11 18:51:02,016] {dagbag.py:500} INFO - Filling up the DagBag from /opt/airflow/dags/my_dag.py
[2022-01-11 18:51:02,036] {processor.py:654} INFO - DAG(s) dict_keys(['my_dag']) retrieved from /opt/airflow/dags/my_dag.py
[2022-01-11 18:51:02,042] {logging_mixin.py:109} INFO - [2022-01-11 18:51:02,042] {dag.py:2396} INFO - Sync 1 DAGs
[2022-01-11 18:51:02,052] {logging_mixin.py:109} INFO - [2022-01-11 18:51:02,052] {dag.py:2935} INFO - Setting next_dagrun for my_dag to 2022-01-11T00:00:00+00:00
[2022-01-11 18:51:02,146] {processor.py:171} INFO - Processing /opt/airflow/dags/my_dag.py took 0.133 seconds
[2022-01-11 18:51:32,296] {processor.py:163} INFO - Started process (PID=4749) to work on /opt/airflow/dags/my_dag.py
[2022-01-11 18:51:32,654] {processor.py:642} INFO - Processing file /opt/airflow/dags/my_dag.py for tasks to queue
[2022-01-11 18:51:32,844] {logging_mixin.py:109} INFO - [2022-01-11 18:51:32,843] {dagbag.py:500} INFO - Filling up the DagBag from /opt/airflow/dags/my_dag.py
[2022-01-11 18:51:32,880] {processor.py:654} INFO - DAG(s) dict_keys(['my_dag']) retrieved from /opt/airflow/dags/my_dag.py
[2022-01-11 18:51:32,902] {logging_mixin.py:109} INFO - [2022-01-11 18:51:32,902] {dag.py:2396} INFO - Sync 1 DAGs
[2022-01-11 18:51:32,912] {logging_mixin.py:109} INFO - [2022-01-11 18:51:32,912] {dag.py:2935} INFO - Setting next_dagrun for my_dag to 2022-01-11T00:00:00+00:00
[2022-01-11 18:51:33,170] {processor.py:171} INFO - Processing /opt/airflow/dags/my_dag.py took 0.878 seconds
[2022-01-11 18:52:03,487] {processor.py:163} INFO - Started process (PID=4777) to work on /opt/airflow/dags/my_dag.py
[2022-01-11 18:52:03,488] {processor.py:642} INFO - Processing file /opt/airflow/dags/my_dag.py for tasks to queue
[2022-01-11 18:52:03,488] {logging_mixin.py:109} INFO - [2022-01-11 18:52:03,488] {dagbag.py:500} INFO - Filling up the DagBag from /opt/airflow/dags/my_dag.py
[2022-01-11 18:52:03,560] {processor.py:654} INFO - DAG(s) dict_keys(['my_dag']) retrieved from /opt/airflow/dags/my_dag.py
[2022-01-11 18:52:03,616] {logging_mixin.py:109} INFO - [2022-01-11 18:52:03,616] {dag.py:2396} INFO - Sync 1 DAGs
[2022-01-11 18:52:03,645] {logging_mixin.py:109} INFO - [2022-01-11 18:52:03,645] {dag.py:2935} INFO - Setting next_dagrun for my_dag to 2022-01-11T00:00:00+00:00
[2022-01-11 18:52:03,745] {processor.py:171} INFO - Processing /opt/airflow/dags/my_dag.py took 0.260 seconds
[2022-01-11 18:52:34,120] {processor.py:163} INFO - Started process (PID=4795) to work on /opt/airflow/dags/my_dag.py
[2022-01-11 18:52:34,130] {processor.py:642} INFO - Processing file /opt/airflow/dags/my_dag.py for tasks to queue
[2022-01-11 18:52:34,130] {logging_mixin.py:109} INFO - [2022-01-11 18:52:34,130] {dagbag.py:500} INFO - Filling up the DagBag from /opt/airflow/dags/my_dag.py
[2022-01-11 18:52:34,221] {processor.py:654} INFO - DAG(s) dict_keys(['my_dag']) retrieved from /opt/airflow/dags/my_dag.py
[2022-01-11 18:52:34,252] {logging_mixin.py:109} INFO - [2022-01-11 18:52:34,252] {dag.py:2396} INFO - Sync 1 DAGs
[2022-01-11 18:52:34,269] {logging_mixin.py:109} INFO - [2022-01-11 18:52:34,268] {dag.py:2935} INFO - Setting next_dagrun for my_dag to 2022-01-11T00:00:00+00:00
[2022-01-11 18:52:34,377] {processor.py:171} INFO - Processing /opt/airflow/dags/my_dag.py took 0.259 seconds
[2022-01-11 18:53:04,644] {processor.py:163} INFO - Started process (PID=4813) to work on /opt/airflow/dags/my_dag.py
[2022-01-11 18:53:04,645] {processor.py:642} INFO - Processing file /opt/airflow/dags/my_dag.py for tasks to queue
[2022-01-11 18:53:04,645] {logging_mixin.py:109} INFO - [2022-01-11 18:53:04,645] {dagbag.py:500} INFO - Filling up the DagBag from /opt/airflow/dags/my_dag.py
[2022-01-11 18:53:04,668] {processor.py:654} INFO - DAG(s) dict_keys(['my_dag']) retrieved from /opt/airflow/dags/my_dag.py
[2022-01-11 18:53:04,675] {logging_mixin.py:109} INFO - [2022-01-11 18:53:04,675] {dag.py:2396} INFO - Sync 1 DAGs
[2022-01-11 18:53:04,685] {logging_mixin.py:109} INFO - [2022-01-11 18:53:04,685] {dag.py:2935} INFO - Setting next_dagrun for my_dag to 2022-01-11T00:00:00+00:00
[2022-01-11 18:53:04,762] {processor.py:171} INFO - Processing /opt/airflow/dags/my_dag.py took 0.121 seconds
[2022-01-11 18:53:17,799] {processor.py:163} INFO - Started process (PID=4823) to work on /opt/airflow/dags/my_dag.py
[2022-01-11 18:53:17,804] {processor.py:642} INFO - Processing file /opt/airflow/dags/my_dag.py for tasks to queue
[2022-01-11 18:53:17,804] {logging_mixin.py:109} INFO - [2022-01-11 18:53:17,804] {dagbag.py:500} INFO - Filling up the DagBag from /opt/airflow/dags/my_dag.py
[2022-01-11 18:53:17,853] {processor.py:654} INFO - DAG(s) dict_keys(['my_dag']) retrieved from /opt/airflow/dags/my_dag.py
[2022-01-11 18:53:17,868] {logging_mixin.py:109} INFO - [2022-01-11 18:53:17,868] {dag.py:2396} INFO - Sync 1 DAGs
[2022-01-11 18:53:17,893] {logging_mixin.py:109} INFO - [2022-01-11 18:53:17,891] {dag.py:2935} INFO - Setting next_dagrun for my_dag to 2022-01-11T00:00:00+00:00
[2022-01-11 18:53:18,105] {processor.py:171} INFO - Processing /opt/airflow/dags/my_dag.py took 0.309 seconds
[2022-01-11 18:53:48,211] {processor.py:163} INFO - Started process (PID=4850) to work on /opt/airflow/dags/my_dag.py
[2022-01-11 18:53:48,215] {processor.py:642} INFO - Processing file /opt/airflow/dags/my_dag.py for tasks to queue
[2022-01-11 18:53:48,215] {logging_mixin.py:109} INFO - [2022-01-11 18:53:48,215] {dagbag.py:500} INFO - Filling up the DagBag from /opt/airflow/dags/my_dag.py
[2022-01-11 18:53:48,249] {processor.py:654} INFO - DAG(s) dict_keys(['my_dag']) retrieved from /opt/airflow/dags/my_dag.py
[2022-01-11 18:53:48,259] {logging_mixin.py:109} INFO - [2022-01-11 18:53:48,259] {dag.py:2396} INFO - Sync 1 DAGs
[2022-01-11 18:53:48,273] {logging_mixin.py:109} INFO - [2022-01-11 18:53:48,273] {dag.py:2935} INFO - Setting next_dagrun for my_dag to 2022-01-11T00:00:00+00:00
[2022-01-11 18:53:48,383] {processor.py:171} INFO - Processing /opt/airflow/dags/my_dag.py took 0.182 seconds
[2022-01-11 18:54:18,711] {processor.py:163} INFO - Started process (PID=4869) to work on /opt/airflow/dags/my_dag.py
[2022-01-11 18:54:18,732] {processor.py:642} INFO - Processing file /opt/airflow/dags/my_dag.py for tasks to queue
[2022-01-11 18:54:18,733] {logging_mixin.py:109} INFO - [2022-01-11 18:54:18,733] {dagbag.py:500} INFO - Filling up the DagBag from /opt/airflow/dags/my_dag.py
[2022-01-11 18:54:18,765] {processor.py:654} INFO - DAG(s) dict_keys(['my_dag']) retrieved from /opt/airflow/dags/my_dag.py
[2022-01-11 18:54:18,774] {logging_mixin.py:109} INFO - [2022-01-11 18:54:18,774] {dag.py:2396} INFO - Sync 1 DAGs
[2022-01-11 18:54:18,785] {logging_mixin.py:109} INFO - [2022-01-11 18:54:18,785] {dag.py:2935} INFO - Setting next_dagrun for my_dag to 2022-01-11T00:00:00+00:00
[2022-01-11 18:54:18,865] {processor.py:171} INFO - Processing /opt/airflow/dags/my_dag.py took 0.156 seconds
[2022-01-11 18:54:49,060] {processor.py:163} INFO - Started process (PID=4888) to work on /opt/airflow/dags/my_dag.py
[2022-01-11 18:54:49,060] {processor.py:642} INFO - Processing file /opt/airflow/dags/my_dag.py for tasks to queue
[2022-01-11 18:54:49,061] {logging_mixin.py:109} INFO - [2022-01-11 18:54:49,061] {dagbag.py:500} INFO - Filling up the DagBag from /opt/airflow/dags/my_dag.py
[2022-01-11 18:54:49,081] {processor.py:654} INFO - DAG(s) dict_keys(['my_dag']) retrieved from /opt/airflow/dags/my_dag.py
[2022-01-11 18:54:49,087] {logging_mixin.py:109} INFO - [2022-01-11 18:54:49,087] {dag.py:2396} INFO - Sync 1 DAGs
[2022-01-11 18:54:49,105] {logging_mixin.py:109} INFO - [2022-01-11 18:54:49,105] {dag.py:2935} INFO - Setting next_dagrun for my_dag to 2022-01-11T00:00:00+00:00
[2022-01-11 18:54:49,182] {processor.py:171} INFO - Processing /opt/airflow/dags/my_dag.py took 0.125 seconds
[2022-01-11 18:55:19,400] {processor.py:163} INFO - Started process (PID=4916) to work on /opt/airflow/dags/my_dag.py
[2022-01-11 18:55:19,466] {processor.py:642} INFO - Processing file /opt/airflow/dags/my_dag.py for tasks to queue
[2022-01-11 18:55:19,467] {logging_mixin.py:109} INFO - [2022-01-11 18:55:19,467] {dagbag.py:500} INFO - Filling up the DagBag from /opt/airflow/dags/my_dag.py
[2022-01-11 18:55:19,488] {processor.py:654} INFO - DAG(s) dict_keys(['my_dag']) retrieved from /opt/airflow/dags/my_dag.py
[2022-01-11 18:55:19,495] {logging_mixin.py:109} INFO - [2022-01-11 18:55:19,495] {dag.py:2396} INFO - Sync 1 DAGs
[2022-01-11 18:55:19,506] {logging_mixin.py:109} INFO - [2022-01-11 18:55:19,506] {dag.py:2935} INFO - Setting next_dagrun for my_dag to 2022-01-11T00:00:00+00:00
[2022-01-11 18:55:19,628] {processor.py:171} INFO - Processing /opt/airflow/dags/my_dag.py took 0.230 seconds
[2022-01-11 18:55:49,766] {processor.py:163} INFO - Started process (PID=4935) to work on /opt/airflow/dags/my_dag.py
[2022-01-11 18:55:49,786] {processor.py:642} INFO - Processing file /opt/airflow/dags/my_dag.py for tasks to queue
[2022-01-11 18:55:49,787] {logging_mixin.py:109} INFO - [2022-01-11 18:55:49,787] {dagbag.py:500} INFO - Filling up the DagBag from /opt/airflow/dags/my_dag.py
[2022-01-11 18:55:49,861] {processor.py:654} INFO - DAG(s) dict_keys(['my_dag']) retrieved from /opt/airflow/dags/my_dag.py
[2022-01-11 18:55:49,878] {logging_mixin.py:109} INFO - [2022-01-11 18:55:49,878] {dag.py:2396} INFO - Sync 1 DAGs
[2022-01-11 18:55:49,929] {logging_mixin.py:109} INFO - [2022-01-11 18:55:49,929] {dag.py:2935} INFO - Setting next_dagrun for my_dag to 2022-01-11T00:00:00+00:00
[2022-01-11 18:55:50,035] {processor.py:171} INFO - Processing /opt/airflow/dags/my_dag.py took 0.271 seconds
[2022-01-11 18:56:20,061] {processor.py:163} INFO - Started process (PID=4953) to work on /opt/airflow/dags/my_dag.py
[2022-01-11 18:56:20,123] {processor.py:642} INFO - Processing file /opt/airflow/dags/my_dag.py for tasks to queue
[2022-01-11 18:56:20,124] {logging_mixin.py:109} INFO - [2022-01-11 18:56:20,124] {dagbag.py:500} INFO - Filling up the DagBag from /opt/airflow/dags/my_dag.py
[2022-01-11 18:56:20,238] {processor.py:654} INFO - DAG(s) dict_keys(['my_dag']) retrieved from /opt/airflow/dags/my_dag.py
[2022-01-11 18:56:20,245] {logging_mixin.py:109} INFO - [2022-01-11 18:56:20,245] {dag.py:2396} INFO - Sync 1 DAGs
[2022-01-11 18:56:20,324] {logging_mixin.py:109} INFO - [2022-01-11 18:56:20,324] {dag.py:2935} INFO - Setting next_dagrun for my_dag to 2022-01-11T00:00:00+00:00
[2022-01-11 18:56:20,406] {processor.py:171} INFO - Processing /opt/airflow/dags/my_dag.py took 0.348 seconds
[2022-01-11 18:56:50,685] {processor.py:163} INFO - Started process (PID=4981) to work on /opt/airflow/dags/my_dag.py
[2022-01-11 18:56:50,697] {processor.py:642} INFO - Processing file /opt/airflow/dags/my_dag.py for tasks to queue
[2022-01-11 18:56:50,698] {logging_mixin.py:109} INFO - [2022-01-11 18:56:50,698] {dagbag.py:500} INFO - Filling up the DagBag from /opt/airflow/dags/my_dag.py
[2022-01-11 18:56:50,779] {processor.py:654} INFO - DAG(s) dict_keys(['my_dag']) retrieved from /opt/airflow/dags/my_dag.py
[2022-01-11 18:56:50,786] {logging_mixin.py:109} INFO - [2022-01-11 18:56:50,786] {dag.py:2396} INFO - Sync 1 DAGs
[2022-01-11 18:56:50,842] {logging_mixin.py:109} INFO - [2022-01-11 18:56:50,841] {dag.py:2935} INFO - Setting next_dagrun for my_dag to 2022-01-11T00:00:00+00:00
[2022-01-11 18:56:51,029] {processor.py:171} INFO - Processing /opt/airflow/dags/my_dag.py took 0.347 seconds
[2022-01-11 18:57:21,378] {processor.py:163} INFO - Started process (PID=5000) to work on /opt/airflow/dags/my_dag.py
[2022-01-11 18:57:21,507] {processor.py:642} INFO - Processing file /opt/airflow/dags/my_dag.py for tasks to queue
[2022-01-11 18:57:21,508] {logging_mixin.py:109} INFO - [2022-01-11 18:57:21,508] {dagbag.py:500} INFO - Filling up the DagBag from /opt/airflow/dags/my_dag.py
[2022-01-11 18:57:21,545] {processor.py:654} INFO - DAG(s) dict_keys(['my_dag']) retrieved from /opt/airflow/dags/my_dag.py
[2022-01-11 18:57:21,559] {logging_mixin.py:109} INFO - [2022-01-11 18:57:21,558] {dag.py:2396} INFO - Sync 1 DAGs
[2022-01-11 18:57:21,582] {logging_mixin.py:109} INFO - [2022-01-11 18:57:21,582] {dag.py:2935} INFO - Setting next_dagrun for my_dag to 2022-01-11T00:00:00+00:00
[2022-01-11 18:57:21,899] {processor.py:171} INFO - Processing /opt/airflow/dags/my_dag.py took 0.523 seconds
[2022-01-11 18:57:52,175] {processor.py:163} INFO - Started process (PID=5019) to work on /opt/airflow/dags/my_dag.py
[2022-01-11 18:57:52,175] {processor.py:642} INFO - Processing file /opt/airflow/dags/my_dag.py for tasks to queue
[2022-01-11 18:57:52,176] {logging_mixin.py:109} INFO - [2022-01-11 18:57:52,176] {dagbag.py:500} INFO - Filling up the DagBag from /opt/airflow/dags/my_dag.py
[2022-01-11 18:57:52,202] {processor.py:654} INFO - DAG(s) dict_keys(['my_dag']) retrieved from /opt/airflow/dags/my_dag.py
[2022-01-11 18:57:52,213] {logging_mixin.py:109} INFO - [2022-01-11 18:57:52,213] {dag.py:2396} INFO - Sync 1 DAGs
[2022-01-11 18:57:52,226] {logging_mixin.py:109} INFO - [2022-01-11 18:57:52,226] {dag.py:2935} INFO - Setting next_dagrun for my_dag to 2022-01-11T00:00:00+00:00
[2022-01-11 18:57:52,326] {processor.py:171} INFO - Processing /opt/airflow/dags/my_dag.py took 0.154 seconds
[2022-01-11 18:58:22,535] {processor.py:163} INFO - Started process (PID=5047) to work on /opt/airflow/dags/my_dag.py
[2022-01-11 18:58:22,602] {processor.py:642} INFO - Processing file /opt/airflow/dags/my_dag.py for tasks to queue
[2022-01-11 18:58:22,602] {logging_mixin.py:109} INFO - [2022-01-11 18:58:22,602] {dagbag.py:500} INFO - Filling up the DagBag from /opt/airflow/dags/my_dag.py
[2022-01-11 18:58:22,622] {processor.py:654} INFO - DAG(s) dict_keys(['my_dag']) retrieved from /opt/airflow/dags/my_dag.py
[2022-01-11 18:58:22,628] {logging_mixin.py:109} INFO - [2022-01-11 18:58:22,628] {dag.py:2396} INFO - Sync 1 DAGs
[2022-01-11 18:58:22,638] {logging_mixin.py:109} INFO - [2022-01-11 18:58:22,638] {dag.py:2935} INFO - Setting next_dagrun for my_dag to 2022-01-11T00:00:00+00:00
[2022-01-11 18:58:22,697] {processor.py:171} INFO - Processing /opt/airflow/dags/my_dag.py took 0.165 seconds
[2022-01-11 18:58:52,767] {processor.py:163} INFO - Started process (PID=5066) to work on /opt/airflow/dags/my_dag.py
[2022-01-11 18:58:52,768] {processor.py:642} INFO - Processing file /opt/airflow/dags/my_dag.py for tasks to queue
[2022-01-11 18:58:52,769] {logging_mixin.py:109} INFO - [2022-01-11 18:58:52,769] {dagbag.py:500} INFO - Filling up the DagBag from /opt/airflow/dags/my_dag.py
[2022-01-11 18:58:52,788] {processor.py:654} INFO - DAG(s) dict_keys(['my_dag']) retrieved from /opt/airflow/dags/my_dag.py
[2022-01-11 18:58:52,795] {logging_mixin.py:109} INFO - [2022-01-11 18:58:52,795] {dag.py:2396} INFO - Sync 1 DAGs
[2022-01-11 18:58:52,805] {logging_mixin.py:109} INFO - [2022-01-11 18:58:52,805] {dag.py:2935} INFO - Setting next_dagrun for my_dag to 2022-01-11T00:00:00+00:00
[2022-01-11 18:58:52,944] {processor.py:171} INFO - Processing /opt/airflow/dags/my_dag.py took 0.179 seconds
[2022-01-11 18:59:23,152] {processor.py:163} INFO - Started process (PID=5094) to work on /opt/airflow/dags/my_dag.py
[2022-01-11 18:59:23,171] {processor.py:642} INFO - Processing file /opt/airflow/dags/my_dag.py for tasks to queue
[2022-01-11 18:59:23,172] {logging_mixin.py:109} INFO - [2022-01-11 18:59:23,172] {dagbag.py:500} INFO - Filling up the DagBag from /opt/airflow/dags/my_dag.py
[2022-01-11 18:59:23,196] {processor.py:654} INFO - DAG(s) dict_keys(['my_dag']) retrieved from /opt/airflow/dags/my_dag.py
[2022-01-11 18:59:23,203] {logging_mixin.py:109} INFO - [2022-01-11 18:59:23,202] {dag.py:2396} INFO - Sync 1 DAGs
[2022-01-11 18:59:23,218] {logging_mixin.py:109} INFO - [2022-01-11 18:59:23,218] {dag.py:2935} INFO - Setting next_dagrun for my_dag to 2022-01-11T00:00:00+00:00
[2022-01-11 18:59:23,301] {processor.py:171} INFO - Processing /opt/airflow/dags/my_dag.py took 0.151 seconds
[2022-01-11 18:59:53,482] {processor.py:163} INFO - Started process (PID=5113) to work on /opt/airflow/dags/my_dag.py
[2022-01-11 18:59:53,485] {processor.py:642} INFO - Processing file /opt/airflow/dags/my_dag.py for tasks to queue
[2022-01-11 18:59:53,486] {logging_mixin.py:109} INFO - [2022-01-11 18:59:53,486] {dagbag.py:500} INFO - Filling up the DagBag from /opt/airflow/dags/my_dag.py
[2022-01-11 18:59:53,509] {processor.py:654} INFO - DAG(s) dict_keys(['my_dag']) retrieved from /opt/airflow/dags/my_dag.py
[2022-01-11 18:59:53,518] {logging_mixin.py:109} INFO - [2022-01-11 18:59:53,518] {dag.py:2396} INFO - Sync 1 DAGs
[2022-01-11 18:59:53,530] {logging_mixin.py:109} INFO - [2022-01-11 18:59:53,530] {dag.py:2935} INFO - Setting next_dagrun for my_dag to 2022-01-11T00:00:00+00:00
[2022-01-11 18:59:53,868] {processor.py:171} INFO - Processing /opt/airflow/dags/my_dag.py took 0.389 seconds
[2022-01-11 19:00:24,096] {processor.py:163} INFO - Started process (PID=5132) to work on /opt/airflow/dags/my_dag.py
[2022-01-11 19:00:24,100] {processor.py:642} INFO - Processing file /opt/airflow/dags/my_dag.py for tasks to queue
[2022-01-11 19:00:24,100] {logging_mixin.py:109} INFO - [2022-01-11 19:00:24,100] {dagbag.py:500} INFO - Filling up the DagBag from /opt/airflow/dags/my_dag.py
[2022-01-11 19:00:24,126] {processor.py:654} INFO - DAG(s) dict_keys(['my_dag']) retrieved from /opt/airflow/dags/my_dag.py
[2022-01-11 19:00:24,134] {logging_mixin.py:109} INFO - [2022-01-11 19:00:24,134] {dag.py:2396} INFO - Sync 1 DAGs
[2022-01-11 19:00:24,149] {logging_mixin.py:109} INFO - [2022-01-11 19:00:24,147] {dag.py:2935} INFO - Setting next_dagrun for my_dag to 2022-01-11T00:00:00+00:00
[2022-01-11 19:00:24,216] {processor.py:171} INFO - Processing /opt/airflow/dags/my_dag.py took 0.122 seconds
[2022-01-11 19:00:54,313] {processor.py:163} INFO - Started process (PID=5160) to work on /opt/airflow/dags/my_dag.py
[2022-01-11 19:00:54,314] {processor.py:642} INFO - Processing file /opt/airflow/dags/my_dag.py for tasks to queue
[2022-01-11 19:00:54,314] {logging_mixin.py:109} INFO - [2022-01-11 19:00:54,314] {dagbag.py:500} INFO - Filling up the DagBag from /opt/airflow/dags/my_dag.py
[2022-01-11 19:00:54,336] {processor.py:654} INFO - DAG(s) dict_keys(['my_dag']) retrieved from /opt/airflow/dags/my_dag.py
[2022-01-11 19:00:54,344] {logging_mixin.py:109} INFO - [2022-01-11 19:00:54,344] {dag.py:2396} INFO - Sync 1 DAGs
[2022-01-11 19:00:54,354] {logging_mixin.py:109} INFO - [2022-01-11 19:00:54,354] {dag.py:2935} INFO - Setting next_dagrun for my_dag to 2022-01-11T00:00:00+00:00
[2022-01-11 19:00:54,450] {processor.py:171} INFO - Processing /opt/airflow/dags/my_dag.py took 0.139 seconds
[2022-01-11 19:01:23,595] {processor.py:163} INFO - Started process (PID=5179) to work on /opt/airflow/dags/my_dag.py
[2022-01-11 19:01:23,635] {processor.py:642} INFO - Processing file /opt/airflow/dags/my_dag.py for tasks to queue
[2022-01-11 19:01:23,635] {logging_mixin.py:109} INFO - [2022-01-11 19:01:23,635] {dagbag.py:500} INFO - Filling up the DagBag from /opt/airflow/dags/my_dag.py
[2022-01-11 19:01:23,656] {processor.py:654} INFO - DAG(s) dict_keys(['my_dag']) retrieved from /opt/airflow/dags/my_dag.py
[2022-01-11 19:01:23,662] {logging_mixin.py:109} INFO - [2022-01-11 19:01:23,662] {dag.py:2396} INFO - Sync 1 DAGs
[2022-01-11 19:01:23,672] {logging_mixin.py:109} INFO - [2022-01-11 19:01:23,671] {dag.py:2935} INFO - Setting next_dagrun for my_dag to 2022-01-11T00:00:00+00:00
[2022-01-11 19:01:23,763] {processor.py:171} INFO - Processing /opt/airflow/dags/my_dag.py took 0.172 seconds
[2022-01-11 19:01:53,857] {processor.py:163} INFO - Started process (PID=5205) to work on /opt/airflow/dags/my_dag.py
[2022-01-11 19:01:53,870] {processor.py:642} INFO - Processing file /opt/airflow/dags/my_dag.py for tasks to queue
[2022-01-11 19:01:53,883] {logging_mixin.py:109} INFO - [2022-01-11 19:01:53,883] {dagbag.py:500} INFO - Filling up the DagBag from /opt/airflow/dags/my_dag.py
[2022-01-11 19:01:53,949] {processor.py:654} INFO - DAG(s) dict_keys(['my_dag']) retrieved from /opt/airflow/dags/my_dag.py
[2022-01-11 19:01:53,988] {logging_mixin.py:109} INFO - [2022-01-11 19:01:53,988] {dag.py:2396} INFO - Sync 1 DAGs
[2022-01-11 19:01:53,999] {logging_mixin.py:109} INFO - [2022-01-11 19:01:53,999] {dag.py:2935} INFO - Setting next_dagrun for my_dag to 2022-01-11T00:00:00+00:00
[2022-01-11 19:01:54,091] {processor.py:171} INFO - Processing /opt/airflow/dags/my_dag.py took 0.236 seconds
[2022-01-11 19:02:24,311] {processor.py:163} INFO - Started process (PID=5223) to work on /opt/airflow/dags/my_dag.py
[2022-01-11 19:02:24,324] {processor.py:642} INFO - Processing file /opt/airflow/dags/my_dag.py for tasks to queue
[2022-01-11 19:02:24,324] {logging_mixin.py:109} INFO - [2022-01-11 19:02:24,324] {dagbag.py:500} INFO - Filling up the DagBag from /opt/airflow/dags/my_dag.py
[2022-01-11 19:02:24,345] {processor.py:654} INFO - DAG(s) dict_keys(['my_dag']) retrieved from /opt/airflow/dags/my_dag.py
[2022-01-11 19:02:24,351] {logging_mixin.py:109} INFO - [2022-01-11 19:02:24,351] {dag.py:2396} INFO - Sync 1 DAGs
[2022-01-11 19:02:24,362] {logging_mixin.py:109} INFO - [2022-01-11 19:02:24,362] {dag.py:2935} INFO - Setting next_dagrun for my_dag to 2022-01-11T00:00:00+00:00
[2022-01-11 19:02:24,426] {processor.py:171} INFO - Processing /opt/airflow/dags/my_dag.py took 0.118 seconds
[2022-01-11 19:02:54,535] {processor.py:163} INFO - Started process (PID=5241) to work on /opt/airflow/dags/my_dag.py
[2022-01-11 19:02:54,536] {processor.py:642} INFO - Processing file /opt/airflow/dags/my_dag.py for tasks to queue
[2022-01-11 19:02:54,536] {logging_mixin.py:109} INFO - [2022-01-11 19:02:54,536] {dagbag.py:500} INFO - Filling up the DagBag from /opt/airflow/dags/my_dag.py
[2022-01-11 19:02:54,558] {processor.py:654} INFO - DAG(s) dict_keys(['my_dag']) retrieved from /opt/airflow/dags/my_dag.py
[2022-01-11 19:02:54,564] {logging_mixin.py:109} INFO - [2022-01-11 19:02:54,564] {dag.py:2396} INFO - Sync 1 DAGs
[2022-01-11 19:02:54,576] {logging_mixin.py:109} INFO - [2022-01-11 19:02:54,576] {dag.py:2935} INFO - Setting next_dagrun for my_dag to 2022-01-11T00:00:00+00:00
[2022-01-11 19:02:54,657] {processor.py:171} INFO - Processing /opt/airflow/dags/my_dag.py took 0.124 seconds
[2022-01-11 19:03:24,926] {processor.py:163} INFO - Started process (PID=5259) to work on /opt/airflow/dags/my_dag.py
[2022-01-11 19:03:24,935] {processor.py:642} INFO - Processing file /opt/airflow/dags/my_dag.py for tasks to queue
[2022-01-11 19:03:24,935] {logging_mixin.py:109} INFO - [2022-01-11 19:03:24,935] {dagbag.py:500} INFO - Filling up the DagBag from /opt/airflow/dags/my_dag.py
[2022-01-11 19:03:24,957] {processor.py:654} INFO - DAG(s) dict_keys(['my_dag']) retrieved from /opt/airflow/dags/my_dag.py
[2022-01-11 19:03:24,964] {logging_mixin.py:109} INFO - [2022-01-11 19:03:24,964] {dag.py:2396} INFO - Sync 1 DAGs
[2022-01-11 19:03:24,977] {logging_mixin.py:109} INFO - [2022-01-11 19:03:24,977] {dag.py:2935} INFO - Setting next_dagrun for my_dag to 2022-01-11T00:00:00+00:00
[2022-01-11 19:03:25,041] {processor.py:171} INFO - Processing /opt/airflow/dags/my_dag.py took 0.118 seconds
[2022-01-11 19:03:55,203] {processor.py:163} INFO - Started process (PID=5287) to work on /opt/airflow/dags/my_dag.py
[2022-01-11 19:03:55,204] {processor.py:642} INFO - Processing file /opt/airflow/dags/my_dag.py for tasks to queue
[2022-01-11 19:03:55,204] {logging_mixin.py:109} INFO - [2022-01-11 19:03:55,204] {dagbag.py:500} INFO - Filling up the DagBag from /opt/airflow/dags/my_dag.py
[2022-01-11 19:03:55,245] {processor.py:654} INFO - DAG(s) dict_keys(['my_dag']) retrieved from /opt/airflow/dags/my_dag.py
[2022-01-11 19:03:55,251] {logging_mixin.py:109} INFO - [2022-01-11 19:03:55,251] {dag.py:2396} INFO - Sync 1 DAGs
[2022-01-11 19:03:55,273] {logging_mixin.py:109} INFO - [2022-01-11 19:03:55,273] {dag.py:2935} INFO - Setting next_dagrun for my_dag to 2022-01-11T00:00:00+00:00
[2022-01-11 19:03:55,348] {processor.py:171} INFO - Processing /opt/airflow/dags/my_dag.py took 0.147 seconds
[2022-01-11 19:04:25,472] {processor.py:163} INFO - Started process (PID=5306) to work on /opt/airflow/dags/my_dag.py
[2022-01-11 19:04:25,495] {processor.py:642} INFO - Processing file /opt/airflow/dags/my_dag.py for tasks to queue
[2022-01-11 19:04:25,496] {logging_mixin.py:109} INFO - [2022-01-11 19:04:25,496] {dagbag.py:500} INFO - Filling up the DagBag from /opt/airflow/dags/my_dag.py
[2022-01-11 19:04:25,516] {processor.py:654} INFO - DAG(s) dict_keys(['my_dag']) retrieved from /opt/airflow/dags/my_dag.py
[2022-01-11 19:04:25,522] {logging_mixin.py:109} INFO - [2022-01-11 19:04:25,522] {dag.py:2396} INFO - Sync 1 DAGs
[2022-01-11 19:04:25,536] {logging_mixin.py:109} INFO - [2022-01-11 19:04:25,536] {dag.py:2935} INFO - Setting next_dagrun for my_dag to 2022-01-11T00:00:00+00:00
[2022-01-11 19:04:25,680] {processor.py:171} INFO - Processing /opt/airflow/dags/my_dag.py took 0.210 seconds
[2022-01-11 19:04:55,839] {processor.py:163} INFO - Started process (PID=5325) to work on /opt/airflow/dags/my_dag.py
[2022-01-11 19:04:55,840] {processor.py:642} INFO - Processing file /opt/airflow/dags/my_dag.py for tasks to queue
[2022-01-11 19:04:55,841] {logging_mixin.py:109} INFO - [2022-01-11 19:04:55,841] {dagbag.py:500} INFO - Filling up the DagBag from /opt/airflow/dags/my_dag.py
[2022-01-11 19:04:55,873] {processor.py:654} INFO - DAG(s) dict_keys(['my_dag']) retrieved from /opt/airflow/dags/my_dag.py
[2022-01-11 19:04:55,882] {logging_mixin.py:109} INFO - [2022-01-11 19:04:55,882] {dag.py:2396} INFO - Sync 1 DAGs
[2022-01-11 19:04:55,897] {logging_mixin.py:109} INFO - [2022-01-11 19:04:55,897] {dag.py:2935} INFO - Setting next_dagrun for my_dag to 2022-01-11T00:00:00+00:00
[2022-01-11 19:04:55,969] {processor.py:171} INFO - Processing /opt/airflow/dags/my_dag.py took 0.133 seconds
