[2022-01-11 19:03:36,492] {taskinstance.py:1032} INFO - Dependencies all met for <TaskInstance: my_dag.training_model_B scheduled__2022-01-10T00:00:00+00:00 [queued]>
[2022-01-11 19:03:36,499] {taskinstance.py:1032} INFO - Dependencies all met for <TaskInstance: my_dag.training_model_B scheduled__2022-01-10T00:00:00+00:00 [queued]>
[2022-01-11 19:03:36,499] {taskinstance.py:1238} INFO - 
--------------------------------------------------------------------------------
[2022-01-11 19:03:36,499] {taskinstance.py:1239} INFO - Starting attempt 3 of 3
[2022-01-11 19:03:36,499] {taskinstance.py:1240} INFO - 
--------------------------------------------------------------------------------
[2022-01-11 19:03:36,582] {taskinstance.py:1259} INFO - Executing <Task(PythonOperator): training_model_B> on 2022-01-10 00:00:00+00:00
[2022-01-11 19:03:36,585] {standard_task_runner.py:52} INFO - Started process 5049 to run task
[2022-01-11 19:03:36,672] {standard_task_runner.py:76} INFO - Running: ['***', 'tasks', 'run', 'my_dag', 'training_model_B', 'scheduled__2022-01-10T00:00:00+00:00', '--job-id', '27', '--raw', '--subdir', 'DAGS_FOLDER/my_dag.py', '--cfg-path', '/tmp/tmpydj2duko', '--error-file', '/tmp/tmpecs_l2w7']
[2022-01-11 19:03:36,673] {standard_task_runner.py:77} INFO - Job 27: Subtask training_model_B
[2022-01-11 19:03:37,051] {logging_mixin.py:109} INFO - Running <TaskInstance: my_dag.training_model_B scheduled__2022-01-10T00:00:00+00:00 [running]> on host 40c4c8725776
[2022-01-11 19:03:37,479] {taskinstance.py:1426} INFO - Exporting the following env vars:
AIRFLOW_CTX_DAG_OWNER=***
AIRFLOW_CTX_DAG_ID=my_dag
AIRFLOW_CTX_TASK_ID=training_model_B
AIRFLOW_CTX_EXECUTION_DATE=2022-01-10T00:00:00+00:00
AIRFLOW_CTX_DAG_RUN_ID=scheduled__2022-01-10T00:00:00+00:00
[2022-01-11 19:03:37,479] {python.py:175} INFO - Done. Returned value was: 6
[2022-01-11 19:03:37,585] {taskinstance.py:1277} INFO - Marking task as SUCCESS. dag_id=my_dag, task_id=training_model_B, execution_date=20220110T000000, start_date=20220111T190336, end_date=20220111T190337
[2022-01-11 19:03:37,684] {local_task_job.py:154} INFO - Task exited with return code 0
[2022-01-11 19:03:37,791] {local_task_job.py:264} INFO - 1 downstream tasks scheduled from follow-on schedule check
